<?xml version="1.0" encoding="UTF-8" standalone="no"?><testsuite errors="1" failures="0" name="Log in" skipped="0" tests="2" time="78.46" timestamp="2023-05-22 01:00:06"><testcase name="Try to log in with valid credentials"><error message="An element could not be located on the page using the given search parameters.&#10;For documentation on this error, please visit: https://selenium.dev/exceptions/#no_such_element&#10;Build info: version: '4.5.3', revision: '4b786a1e430'&#10;System info: os.name: 'Windows 10', os.arch: 'amd64', os.version: '10.0', java.version: '11.0.15'&#10;Driver info: io.appium.java_client.android.AndroidDriver&#10;Command: [7676bb4e-8023-43db-94f7-1345704bde6c, findElement {using=xpath, value=//android.widget.TextView[contains(@text,'No articles are here')]}]&#10;Capabilities {appium:app: D:\Pruebas empresas\Acid La..., appium:appActivity: com.conduitreactnative.Spla..., appium:appPackage: com.conduitreactnative.qa, appium:automationName: uiautomator2, appium:databaseEnabled: false, appium:desired: {app: D:\Pruebas empresas\Acid La..., appActivity: com.conduitreactnative.Spla..., appPackage: com.conduitreactnative.qa, automationName: uiautomator2, deviceName: AutomationTesting, hub: http://localhost:4723/wd/hub, newCommandTimeout: 100000, platformName: android, platformVersion: 11.0}, appium:deviceApiLevel: 30, appium:deviceManufacturer: Google, appium:deviceModel: sdk_gphone_x86, appium:deviceName: emulator-5554, appium:deviceScreenDensity: 420, appium:deviceScreenSize: 1080x1920, appium:deviceUDID: emulator-5554, appium:hub: http://localhost:4723/wd/hub, appium:javascriptEnabled: true, appium:locationContextEnabled: false, appium:networkConnectionEnabled: true, appium:newCommandTimeout: 100000, appium:pixelRatio: 2.625, appium:platformVersion: 11, appium:statBarHeight: 63, appium:takesScreenshot: true, appium:viewportRect: {height: 1731, left: 0, top: 63, width: 1080}, appium:warnings: {}, appium:webStorageEnabled: false, platformName: ANDROID}&#10;Session ID: 7676bb4e-8023-43db-94f7-1345704bde6c" type="java.lang.AssertionError">An element could not be located on the page using the given search parameters.
For documentation on this error, please visit: https://selenium.dev/exceptions/#no_such_element
Build info: version: '4.5.3', revision: '4b786a1e430'
System info: os.name: 'Windows 10', os.arch: 'amd64', os.version: '10.0', java.version: '11.0.15'
Driver info: io.appium.java_client.android.AndroidDriver
Command: [7676bb4e-8023-43db-94f7-1345704bde6c, findElement {using=xpath, value=//android.widget.TextView[contains(@text,'No articles are here')]}]
Capabilities {appium:app: D:\Pruebas empresas\Acid La..., appium:appActivity: com.conduitreactnative.Spla..., appium:appPackage: com.conduitreactnative.qa, appium:automationName: uiautomator2, appium:databaseEnabled: false, appium:desired: {app: D:\Pruebas empresas\Acid La..., appActivity: com.conduitreactnative.Spla..., appPackage: com.conduitreactnative.qa, automationName: uiautomator2, deviceName: AutomationTesting, hub: http://localhost:4723/wd/hub, newCommandTimeout: 100000, platformName: android, platformVersion: 11.0}, appium:deviceApiLevel: 30, appium:deviceManufacturer: Google, appium:deviceModel: sdk_gphone_x86, appium:deviceName: emulator-5554, appium:deviceScreenDensity: 420, appium:deviceScreenSize: 1080x1920, appium:deviceUDID: emulator-5554, appium:hub: http://localhost:4723/wd/hub, appium:javascriptEnabled: true, appium:locationContextEnabled: false, appium:networkConnectionEnabled: true, appium:newCommandTimeout: 100000, appium:pixelRatio: 2.625, appium:platformVersion: 11, appium:statBarHeight: 63, appium:takesScreenshot: true, appium:viewportRect: {height: 1731, left: 0, top: 63, width: 1080}, appium:warnings: {}, appium:webStorageEnabled: false, platformName: ANDROID}
Session ID: 7676bb4e-8023-43db-94f7-1345704bde6c</error><system-err>An element could not be located on the page using the given search parameters.
For documentation on this error, please visit: https://selenium.dev/exceptions/#no_such_element
Build info: version: '4.5.3', revision: '4b786a1e430'
System info: os.name: 'Windows 10', os.arch: 'amd64', os.version: '10.0', java.version: '11.0.15'
Driver info: io.appium.java_client.android.AndroidDriver
Command: [7676bb4e-8023-43db-94f7-1345704bde6c, findElement {using=xpath, value=//android.widget.TextView[contains(@text,'No articles are here')]}]
Capabilities {appium:app: D:\Pruebas empresas\Acid La..., appium:appActivity: com.conduitreactnative.Spla..., appium:appPackage: com.conduitreactnative.qa, appium:automationName: uiautomator2, appium:databaseEnabled: false, appium:desired: {app: D:\Pruebas empresas\Acid La..., appActivity: com.conduitreactnative.Spla..., appPackage: com.conduitreactnative.qa, automationName: uiautomator2, deviceName: AutomationTesting, hub: http://localhost:4723/wd/hub, newCommandTimeout: 100000, platformName: android, platformVersion: 11.0}, appium:deviceApiLevel: 30, appium:deviceManufacturer: Google, appium:deviceModel: sdk_gphone_x86, appium:deviceName: emulator-5554, appium:deviceScreenDensity: 420, appium:deviceScreenSize: 1080x1920, appium:deviceUDID: emulator-5554, appium:hub: http://localhost:4723/wd/hub, appium:javascriptEnabled: true, appium:locationContextEnabled: false, appium:networkConnectionEnabled: true, appium:newCommandTimeout: 100000, appium:pixelRatio: 2.625, appium:platformVersion: 11, appium:statBarHeight: 63, appium:takesScreenshot: true, appium:viewportRect: {height: 1731, left: 0, top: 63, width: 1080}, appium:warnings: {}, appium:webStorageEnabled: false, platformName: ANDROID}
Session ID: 7676bb4e-8023-43db-94f7-1345704bde6c&#13;
starter.step.LogInStep.he_should_see_the_dashboard(LogInStep.java:45)&#13;
✽.he should see the dashboard(file:///D:/Pruebas%20empresas/Acid%20Labs/Solucion/Mobile/DesafioMobile/src/test/resources/features/login/log_in.feature:8)&#13;
</system-err></testcase><testcase name="Try to log in with not valid credentials"/></testsuite>